<?xml version="1.0" encoding="UTF-8"?>
<testng-results ignored="0" total="1" passed="1" failed="0" skipped="0">
  <reporter-output>
  </reporter-output>
  <suite started-at="2024-04-16T13:56:36 IST" name="Default suite" finished-at="2024-04-16T13:57:19 IST" duration-ms="42572">
    <groups>
    </groups>
    <test started-at="2024-04-16T13:56:36 IST" name="Default test" finished-at="2024-04-16T13:57:19 IST" duration-ms="42572">
      <class name="WorkingWithUnitTestingTool.WorkingWithCrossBrowser">
        <test-method signature="browserTest(java.lang.String,java.lang.String)[pri:0, instance:WorkingWithUnitTestingTool.WorkingWithCrossBrowser@77888435]" started-at="2024-04-16T13:56:36 IST" name="browserTest" finished-at="2024-04-16T13:57:19 IST" duration-ms="42493" status="PASS">
          <params>
            <param index="0">
              <value>
                <![CDATA[firefox]]>
              </value>
            </param>
            <param index="1">
              <value>
                <![CDATA[https://www.myntra.com/]]>
              </value>
            </param>
          </params>
          <reporter-output>
          </reporter-output>
        </test-method> <!-- browserTest -->
      </class> <!-- WorkingWithUnitTestingTool.WorkingWithCrossBrowser -->
    </test> <!-- Default test -->
  </suite> <!-- Default suite -->
</testng-results>
