<?xml version="1.0" encoding="UTF-8"?>
<!-- Generated by org.testng.reporters.JUnitXMLReporter -->
<testsuite ignored="0" hostname="BHAVANA" failures="0" tests="4" name="FT" time="23.084" errors="0" timestamp="2024-04-08T13:06:25 IST">
  <testcase classname="testScripts.To_Launch_Messho" name="messho" time="14.095"/>
  <testcase classname="testScripts.To_Launch_Flipkart" name="flipkart" time="17.75"/>
  <testcase classname="testScripts.To_Launch_ApplePhone" name="ApplePhone" time="18.722"/>
  <testcase classname="testScripts.To_Launch_LakmeIndia" name="LakmeIndia" time="23.065"/>
</testsuite> <!-- FT -->
