<?xml version="1.0" encoding="UTF-8"?>
<!-- Generated by org.testng.reporters.JUnitXMLReporter -->
<testsuite ignored="0" hostname="BHAVANA" failures="0" tests="6" name="IT" time="33.646" errors="0" timestamp="2024-04-08T13:06:58 IST">
  <testcase classname="testScripts.To_Launch_Lorealparis" name="Lorealparis" time="17.747"/>
  <testcase classname="testScripts.To_Launch_Shopify" name="shopify" time="18.414"/>
  <testcase classname="testScripts.To_Launch_Amazon" name="amazon" time="20.094"/>
  <testcase classname="testScripts.To_Launch_Xaiomi" name="Xaiomi" time="22.551"/>
  <testcase classname="testScripts.To_Launch_LG" name="LG" time="23.29"/>
  <testcase classname="testScripts.To_Launch_Motorola" name="Motorola" time="15.866"/>
</testsuite> <!-- IT -->
