<?xml version="1.0" encoding="UTF-8"?>
<!-- Generated by org.testng.reporters.JUnitXMLReporter -->
<testsuite ignored="0" hostname="BHAVANA" failures="0" tests="5" name="ST" time="27.042" errors="0" timestamp="2024-04-08T13:06:01 IST">
  <testcase classname="testScripts.To_Launch_Mamaearth" name="Mamaearth" time="11.09"/>
  <testcase classname="testScripts.To_Launch_Myntra" name="Myntra" time="24.075"/>
  <testcase classname="testScripts.To_Launch_Nykaa" name="Nykaa" time="25.99"/>
  <testcase classname="testScripts.To_Launch_Samsung" name="Samsung" time="26.804"/>
  <testcase classname="testScripts.To_Launch_Purple" name="Purple" time="26.927"/>
</testsuite> <!-- ST -->
