<?xml version="1.0" encoding="UTF-8"?>
<!-- Generated by org.testng.reporters.JUnitXMLReporter -->
<testsuite ignored="10" hostname="BHAVANA" failures="0" tests="5" name="Test" time="42.684" errors="0" timestamp="2024-04-08T14:08:20 IST">
  <testcase classname="testScripts.To_Launch_Samsung" name="Samsung" time="10.978"/>
  <testcase classname="testScripts.To_Launch_ApplePhone" name="ApplePhone" time="13.013"/>
  <testcase classname="testScripts.To_Launch_LG" name="LG" time="7.957"/>
  <testcase classname="testScripts.To_Launch_Xaiomi" name="Xaiomi" time="5.266"/>
  <testcase classname="testScripts.To_Launch_Motorola" name="Motorola" time="5.383"/>
  <testcase classname="testScripts.To_Launch_Myntra" name="Myntra" time="0.0">
    <ignored/>
  </testcase> <!-- Myntra -->
  <testcase classname="testScripts.To_Launch_Flipkart" name="flipkart" time="0.0">
    <ignored/>
  </testcase> <!-- flipkart -->
  <testcase classname="testScripts.To_Launch_Lorealparis" name="Lorealparis" time="0.0">
    <ignored/>
  </testcase> <!-- Lorealparis -->
  <testcase classname="testScripts.To_Launch_Shopify" name="shopify" time="0.0">
    <ignored/>
  </testcase> <!-- shopify -->
  <testcase classname="testScripts.To_Launch_Purple" name="Purple" time="0.0">
    <ignored/>
  </testcase> <!-- Purple -->
  <testcase classname="testScripts.To_Launch_Messho" name="messho" time="0.0">
    <ignored/>
  </testcase> <!-- messho -->
  <testcase classname="testScripts.To_Launch_Amazon" name="amazon" time="0.0">
    <ignored/>
  </testcase> <!-- amazon -->
  <testcase classname="testScripts.To_Launch_LakmeIndia" name="LakmeIndia" time="0.0">
    <ignored/>
  </testcase> <!-- LakmeIndia -->
  <testcase classname="testScripts.To_Launch_Mamaearth" name="Mamaearth" time="0.0">
    <ignored/>
  </testcase> <!-- Mamaearth -->
  <testcase classname="testScripts.To_Launch_Nykaa" name="Nykaa" time="0.0">
    <ignored/>
  </testcase> <!-- Nykaa -->
</testsuite> <!-- Test -->
